0 info it worked if it ends with ok
1 verbose cli [ 'E:\\programs\\Node\\node.exe',
1 verbose cli   'E:\\programs\\Node\\node_modules\\npm\\bin\\npm-cli.js',
1 verbose cli   'start' ]
2 info using npm@3.10.10
3 info using node@v6.10.2
4 verbose run-script [ 'prestart', 'start', 'poststart' ]
5 info lifecycle sfeercaptain@0.0.0~prestart: sfeercaptain@0.0.0
6 silly lifecycle sfeercaptain@0.0.0~prestart: no script for prestart, continuing
7 info lifecycle sfeercaptain@0.0.0~start: sfeercaptain@0.0.0
8 verbose lifecycle sfeercaptain@0.0.0~start: unsafe-perm in lifecycle true
9 verbose lifecycle sfeercaptain@0.0.0~start: PATH: E:\programs\Node\node_modules\npm\bin\node-gyp-bin;E:\Documenten\GitHub\Sfeercaptain\node_modules\.bin;C:\Users\Gebruiker\AppData\Local\GitHub\PortableGit_f02737a78695063deace08e96d5042710d3e32db\cmd;C:\Users\Gebruiker\AppData\Local\GitHub\PortableGit_f02737a78695063deace08e96d5042710d3e32db\usr\bin;C:\Users\Gebruiker\AppData\Local\GitHub\PortableGit_f02737a78695063deace08e96d5042710d3e32db\usr\share\git-tfs;C:\Users\Gebruiker\AppData\Local\Apps\2.0\10J1BTL1.Z9J\O7NK21L4.8VL\gith..tion_317444273a93ac29_0003.0003_5794af8169eeff14;C:\Users\Gebruiker\AppData\Local\GitHub\lfs-amd64_1.5.5;C:\Program Files (x86)\Common Files\Intel\Shared Libraries\redist\intel64\compiler;C:\Windows\system32;C:\Windows;C:\Windows\System32\Wbem;C:\Windows\System32\WindowsPowerShell\v1.0\;C:\Program Files (x86)\NVIDIA Corporation\PhysX\Common;E:\programs\Brackets\command;E:\programs\DevDesktop\tools;E:\programs\Node\;C:\WINDOWS\system32;C:\WINDOWS;C:\WINDOWS\System32\Wbem;C:\WINDOWS\System32\WindowsPowerShell\v1.0\;E:\programs\Git\cmd;C:\Users\Gebruiker\AppData\Roaming\npm;C:\Users\Gebruiker\AppData\Local\Microsoft\WindowsApps;E:\programs\Heroku\bin;C:\Windows\Microsoft.NET\Framework\v4.0.30319\
10 verbose lifecycle sfeercaptain@0.0.0~start: CWD: E:\Documenten\GitHub\Sfeercaptain
11 silly lifecycle sfeercaptain@0.0.0~start: Args: [ '/d /s /c', 'nodemon ./bin/www' ]
12 silly lifecycle sfeercaptain@0.0.0~start: Returned: code: 3221225786  signal: null
13 info lifecycle sfeercaptain@0.0.0~start: Failed to exec start script
14 verbose stack Error: sfeercaptain@0.0.0 start: `nodemon ./bin/www`
14 verbose stack Exit status 3221225786
14 verbose stack     at EventEmitter.<anonymous> (E:\programs\Node\node_modules\npm\lib\utils\lifecycle.js:255:16)
14 verbose stack     at emitTwo (events.js:106:13)
14 verbose stack     at EventEmitter.emit (events.js:191:7)
14 verbose stack     at ChildProcess.<anonymous> (E:\programs\Node\node_modules\npm\lib\utils\spawn.js:40:14)
14 verbose stack     at emitTwo (events.js:106:13)
14 verbose stack     at ChildProcess.emit (events.js:191:7)
14 verbose stack     at maybeClose (internal/child_process.js:886:16)
14 verbose stack     at Process.ChildProcess._handle.onexit (internal/child_process.js:226:5)
15 verbose pkgid sfeercaptain@0.0.0
16 verbose cwd E:\Documenten\GitHub\Sfeercaptain
17 error Windows_NT 10.0.14393
18 error argv "E:\\programs\\Node\\node.exe" "E:\\programs\\Node\\node_modules\\npm\\bin\\npm-cli.js" "start"
19 error node v6.10.2
20 error npm  v3.10.10
21 error code ELIFECYCLE
22 error sfeercaptain@0.0.0 start: `nodemon ./bin/www`
22 error Exit status 3221225786
23 error Failed at the sfeercaptain@0.0.0 start script 'nodemon ./bin/www'.
23 error Make sure you have the latest version of node.js and npm installed.
23 error If you do, this is most likely a problem with the sfeercaptain package,
23 error not with npm itself.
23 error Tell the author that this fails on your system:
23 error     nodemon ./bin/www
23 error You can get information on how to open an issue for this project with:
23 error     npm bugs sfeercaptain
23 error Or if that isn't available, you can get their info via:
23 error     npm owner ls sfeercaptain
23 error There is likely additional logging output above.
24 verbose exit [ 1, true ]
